I, [2016-12-27T14:43:16.291348 #10182]  INFO -- default-ubuntu-1404: -----> Converging <default-ubuntu-1404>...
I, [2016-12-27T14:43:16.292602 #10182]  INFO -- default-ubuntu-1404: Preparing files for transfer
I, [2016-12-27T14:43:16.292795 #10182]  INFO -- default-ubuntu-1404: Preparing dna.json
I, [2016-12-27T14:43:16.293495 #10182]  INFO -- default-ubuntu-1404: Resolving cookbook dependencies with Berkshelf 5.1.0...
I, [2016-12-27T14:43:16.759247 #10182]  INFO -- default-ubuntu-1404: Removing non-cookbook files before transfer
I, [2016-12-27T14:43:16.769010 #10182]  INFO -- default-ubuntu-1404: Preparing environments
I, [2016-12-27T14:43:16.771125 #10182]  INFO -- default-ubuntu-1404: Preparing validation.pem
I, [2016-12-27T14:43:16.774310 #10182]  INFO -- default-ubuntu-1404: Preparing client.rb
I, [2016-12-27T14:43:16.895263 #10182]  INFO -- default-ubuntu-1404: -----> Chef Omnibus installation detected (install only if missing)
I, [2016-12-27T14:43:16.913784 #10182]  INFO -- default-ubuntu-1404: Transferring files to <default-ubuntu-1404>
I, [2016-12-27T14:43:18.723384 #10182]  INFO -- default-ubuntu-1404: Starting Chef Client, version 12.17.44
I, [2016-12-27T14:43:20.432022 #10182]  INFO -- default-ubuntu-1404: resolving cookbooks for run list: ["lemp-server::default"]
I, [2016-12-27T14:43:20.674734 #10182]  INFO -- default-ubuntu-1404: Synchronizing Cookbooks:
I, [2016-12-27T14:43:20.683693 #10182]  INFO -- default-ubuntu-1404:   - lemp-server (0.1.0)
I, [2016-12-27T14:43:20.690454 #10182]  INFO -- default-ubuntu-1404:   - apt (5.0.1)
I, [2016-12-27T14:43:20.691514 #10182]  INFO -- default-ubuntu-1404:   - compat_resource (12.16.3)
I, [2016-12-27T14:43:20.692405 #10182]  INFO -- default-ubuntu-1404: Installing Cookbook Gems:
I, [2016-12-27T14:43:20.693474 #10182]  INFO -- default-ubuntu-1404: Compiling Cookbooks...
I, [2016-12-27T14:43:20.706851 #10182]  INFO -- default-ubuntu-1404: [2016-12-27T20:43:20+00:00] WARN: Chef::Provider::AptRepository already exists!  Cannot create deprecation class for LWRP provider apt_repository from cookbook apt
I, [2016-12-27T14:43:20.717750 #10182]  INFO -- default-ubuntu-1404: [2016-12-27T20:43:20+00:00] WARN: AptRepository already exists!  Deprecation class overwrites Custom resource apt_repository from cookbook apt
I, [2016-12-27T14:43:21.278565 #10182]  INFO -- default-ubuntu-1404: Converging 41 resources
I, [2016-12-27T14:43:21.280602 #10182]  INFO -- default-ubuntu-1404: Recipe: apt::default
I, [2016-12-27T14:43:21.282701 #10182]  INFO -- default-ubuntu-1404:   * file[/var/lib/apt/periodic/update-success-stamp] action nothing (skipped due to action :nothing)
I, [2016-12-27T14:43:21.284793 #10182]  INFO -- default-ubuntu-1404:   * apt_update[periodic] action periodic (up to date)
I, [2016-12-27T14:43:21.286318 #10182]  INFO -- default-ubuntu-1404:   * execute[apt-get update] action nothing (skipped due to action :nothing)
I, [2016-12-27T14:43:21.287543 #10182]  INFO -- default-ubuntu-1404:   * execute[apt-get autoremove] action nothing (skipped due to action :nothing)
I, [2016-12-27T14:43:21.288796 #10182]  INFO -- default-ubuntu-1404:   * execute[apt-get autoclean] action nothing (skipped due to action :nothing)
I, [2016-12-27T14:43:21.295897 #10182]  INFO -- default-ubuntu-1404:   * directory[/var/cache/local] action create (up to date)
I, [2016-12-27T14:43:21.303108 #10182]  INFO -- default-ubuntu-1404:   * directory[/var/cache/local/preseeding] action create (up to date)
I, [2016-12-27T14:43:21.313318 #10182]  INFO -- default-ubuntu-1404:   * template[/etc/apt/apt.conf.d/10recommends] action create (up to date)
I, [2016-12-27T14:43:21.353987 #10182]  INFO -- default-ubuntu-1404:   * apt_package[apt-transport-https] action install (up to date)
I, [2016-12-27T14:43:21.354557 #10182]  INFO -- default-ubuntu-1404: Recipe: lemp-server::default
I, [2016-12-27T14:43:21.397510 #10182]  INFO -- default-ubuntu-1404:   * apt_package[git] action install (up to date)
I, [2016-12-27T14:43:21.400190 #10182]  INFO -- default-ubuntu-1404:   * directory[/root/.ssh/] action create (up to date)
I, [2016-12-27T14:43:21.408734 #10182]  INFO -- default-ubuntu-1404:   * template[/root/.ssh/id_rsa] action create (up to date)
I, [2016-12-27T14:43:21.448435 #10182]  INFO -- default-ubuntu-1404:   * apt_package[awscli] action install (up to date)
I, [2016-12-27T14:43:21.487802 #10182]  INFO -- default-ubuntu-1404:   * apt_package[nginx] action install (up to date)
I, [2016-12-27T14:43:21.530207 #10182]  INFO -- default-ubuntu-1404:   * apt_package[php5] action install (up to date)
I, [2016-12-27T14:43:21.571367 #10182]  INFO -- default-ubuntu-1404:   * apt_package[php5-common] action install (up to date)
I, [2016-12-27T14:43:21.612518 #10182]  INFO -- default-ubuntu-1404:   * apt_package[php5-cli] action install (up to date)
I, [2016-12-27T14:43:21.642387 #10182]  INFO -- default-ubuntu-1404:   * apt_package[php5-json] action install (up to date)
I, [2016-12-27T14:43:21.681628 #10182]  INFO -- default-ubuntu-1404:   * apt_package[php5-gd] action install (up to date)
I, [2016-12-27T14:43:21.720054 #10182]  INFO -- default-ubuntu-1404:   * apt_package[php5-curl] action install (up to date)
I, [2016-12-27T14:43:21.759464 #10182]  INFO -- default-ubuntu-1404:   * apt_package[php5-memcached] action install (up to date)
I, [2016-12-27T14:43:21.800083 #10182]  INFO -- default-ubuntu-1404:   * apt_package[memcached] action install (up to date)
I, [2016-12-27T14:43:21.840285 #10182]  INFO -- default-ubuntu-1404:   * apt_package[php5-fpm] action install (up to date)
I, [2016-12-27T14:43:21.881556 #10182]  INFO -- default-ubuntu-1404:   * apt_package[php5-readline] action install (up to date)
I, [2016-12-27T14:43:21.919887 #10182]  INFO -- default-ubuntu-1404:   * apt_package[php5-mysql] action install (up to date)
I, [2016-12-27T14:43:21.958735 #10182]  INFO -- default-ubuntu-1404:   * apt_package[mysql-client] action install (up to date)
I, [2016-12-27T14:43:22.000431 #10182]  INFO -- default-ubuntu-1404:   * apt_package[vim] action install (up to date)
I, [2016-12-27T14:43:22.000486 #10182]  INFO -- default-ubuntu-1404:   * file[/etc/nginx/sites-enabled/default] action delete (up to date)
I, [2016-12-27T14:43:22.000507 #10182]  INFO -- default-ubuntu-1404:   * file[/etc/nginx/sites-enabled/000-default] action delete (up to date)
I, [2016-12-27T14:43:22.041740 #10182]  INFO -- default-ubuntu-1404:   * apt_package[php5-mysql] action install (up to date)
I, [2016-12-27T14:43:22.043472 #10182]  INFO -- default-ubuntu-1404:   * template[/etc/nginx/sites-available/elpinerodelacuenca.com.dev.conf] action create (up to date)
I, [2016-12-27T14:43:22.045912 #10182]  INFO -- default-ubuntu-1404:   * link[/etc/nginx/sites-enabled/elpinerodelacuenca.com.dev.conf] action create (up to date)
I, [2016-12-27T14:43:24.266355 #10182]  INFO -- default-ubuntu-1404:   * service[nginx] action restart
I, [2016-12-27T14:43:24.266414 #10182]  INFO -- default-ubuntu-1404:     - restart service service[nginx]
I, [2016-12-27T14:43:24.376223 #10182]  INFO -- default-ubuntu-1404:   * service[php5-fpm] action stop
I, [2016-12-27T14:43:24.379232 #10182]  INFO -- default-ubuntu-1404:     - stop service service[php5-fpm]
I, [2016-12-27T14:43:24.610571 #10182]  INFO -- default-ubuntu-1404:   * service[php5-fpm] action start
I, [2016-12-27T14:43:24.610660 #10182]  INFO -- default-ubuntu-1404:     - start service service[php5-fpm]
I, [2016-12-27T14:43:24.643788 #10182]  INFO -- default-ubuntu-1404:   * file[/root/.ssh/config] action create (up to date)
I, [2016-12-27T14:43:24.694459 #10182]  INFO -- default-ubuntu-1404:   * file[/root/git_wrapper.sh] action create (up to date)
I, [2016-12-27T14:43:24.738613 #10182]  INFO -- default-ubuntu-1404:   * directory[/srv/www] action create
I, [2016-12-27T14:43:24.751422 #10182]  INFO -- default-ubuntu-1404:     - change owner from 'root' to 'www-data'
I, [2016-12-27T14:43:25.693479 #10182]  INFO -- default-ubuntu-1404:   * deploy[private_repo] action deploy (up to date)
I, [2016-12-27T14:43:45.515615 #10182]  INFO -- default-ubuntu-1404:   - force ownership of /srv/www to :root
I, [2016-12-27T14:43:48.237974 #10182]  INFO -- default-ubuntu-1404:   - deploy from repo to /srv/www/releases 
I, [2016-12-27T14:43:48.244732 #10182]  INFO -- default-ubuntu-1404:   - force ownership of /srv/www to :root
I, [2016-12-27T14:43:48.247831 #10182]  INFO -- default-ubuntu-1404:   - evaluate block and run any associated actions
I, [2016-12-27T14:43:48.250034 #10182]  INFO -- default-ubuntu-1404:   - make pre-migration symlinks: 
I, [2016-12-27T14:43:48.253664 #10182]  INFO -- default-ubuntu-1404:   - evaluate block and run any associated actions
I, [2016-12-27T14:43:48.259394 #10182]  INFO -- default-ubuntu-1404:   - purge directories in checkout 
I, [2016-12-27T14:43:48.263479 #10182]  INFO -- default-ubuntu-1404:   - link shared paths into current release:  
I, [2016-12-27T14:43:49.596116 #10182]  INFO -- default-ubuntu-1404:   - make pre-migration symlinks: 
I, [2016-12-27T14:43:49.598898 #10182]  INFO -- default-ubuntu-1404:   - force ownership of /srv/www to :root
I, [2016-12-27T14:43:49.599398 #10182]  INFO -- default-ubuntu-1404:   - remove existing link at /srv/www/current
I, [2016-12-27T14:43:49.950286 #10182]  INFO -- default-ubuntu-1404:   - link release /srv/www/releases/20161227204324 into production at /srv/www/current
I, [2016-12-27T14:43:49.951688 #10182]  INFO -- default-ubuntu-1404:   - force ownership of /srv/www to :root
I, [2016-12-27T14:43:49.953343 #10182]  INFO -- default-ubuntu-1404:   - evaluate block and run any associated actions
I, [2016-12-27T14:43:49.954484 #10182]  INFO -- default-ubuntu-1404:   - evaluate block and run any associated actions
I, [2016-12-27T14:43:49.955593 #10182]  INFO -- default-ubuntu-1404:   - update release history data
I, [2016-12-27T14:43:50.027502 #10182]  INFO -- default-ubuntu-1404: * execute[chown-data-www] action run
I, [2016-12-27T14:43:50.027566 #10182]  INFO -- default-ubuntu-1404:   - execute chown -R www-data:www-data /srv/www/current/wp-content
I, [2016-12-27T14:43:50.045729 #10182]  INFO -- default-ubuntu-1404: * template[/srv/www/current/wp-config.php] action create
I, [2016-12-27T14:43:50.046400 #10182]  INFO -- default-ubuntu-1404:   - update content in file /srv/www/current/wp-config.php from 29e880 to f598c6
I, [2016-12-27T14:43:50.047124 #10182]  INFO -- default-ubuntu-1404:   --- /srv/www/current/wp-config.php	2016-12-27 20:18:54.384935431 +0000
I, [2016-12-27T14:43:50.048165 #10182]  INFO -- default-ubuntu-1404:   +++ /srv/www/current/.chef-wp-config20161227-12341-mzb0zu.php	2016-12-27 20:43:50.008935431 +0000
I, [2016-12-27T14:43:50.048757 #10182]  INFO -- default-ubuntu-1404:   @@ -24,18 +24,18 @@
I, [2016-12-27T14:43:50.049447 #10182]  INFO -- default-ubuntu-1404:    // ** MySQL settings - You can get this info from your web host ** //
I, [2016-12-27T14:43:50.050182 #10182]  INFO -- default-ubuntu-1404:    define('DISABLE_WP_CRON', 'true');
I, [2016-12-27T14:43:50.051165 #10182]  INFO -- default-ubuntu-1404:    define( 'DBI_AWS_ACCESS_KEY_ID', 'AKIAJUOBMZCODLGFOSMQ' );
I, [2016-12-27T14:43:50.051936 #10182]  INFO -- default-ubuntu-1404:   -define( 'DBI_AWS_SECRET_ACCESS_KEY', '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');
I, [2016-12-27T14:43:50.052637 #10182]  INFO -- default-ubuntu-1404:   +define( 'DBI_AWS_SECRET_ACCESS_KEY','0F1JvIb7D1KBQcMafps4bSPIwn9jtzZM54k9ls8R'  );
I, [2016-12-27T14:43:50.053145 #10182]  INFO -- default-ubuntu-1404:    
I, [2016-12-27T14:43:50.053619 #10182]  INFO -- default-ubuntu-1404:    /** The name of the database for WordPress */
I, [2016-12-27T14:43:50.053908 #10182]  INFO -- default-ubuntu-1404:   -define('DB_NAME', $_SERVER['dbname']==null?'elpinero_1':$_SERVER['dbname']);
I, [2016-12-27T14:43:50.054319 #10182]  INFO -- default-ubuntu-1404:   +define('DB_NAME', 'elpinero_test');
I, [2016-12-27T14:43:50.054424 #10182]  INFO -- default-ubuntu-1404:    
I, [2016-12-27T14:43:50.054455 #10182]  INFO -- default-ubuntu-1404:    /** MySQL database username */
I, [2016-12-27T14:43:50.054703 #10182]  INFO -- default-ubuntu-1404:   -define('DB_USER', $_SERVER['dbuser']==null?'epdlcrds_wp_user':$_SERVER['dbuser']);
I, [2016-12-27T14:43:50.054792 #10182]  INFO -- default-ubuntu-1404:   +define('DB_USER', 'epdlcrds_wp_user');
I, [2016-12-27T14:43:50.054840 #10182]  INFO -- default-ubuntu-1404:    /** MySQL database password */
I, [2016-12-27T14:43:50.054869 #10182]  INFO -- default-ubuntu-1404:   -define('DB_PASSWORD', $_SERVER['dbpassword']==null?'&!*tOg!6Loxs':$_SERVER['dbpassword']);
I, [2016-12-27T14:43:50.054890 #10182]  INFO -- default-ubuntu-1404:   +define('DB_PASSWORD', '&!*tOg!6Loxs');
I, [2016-12-27T14:43:50.054905 #10182]  INFO -- default-ubuntu-1404:    
I, [2016-12-27T14:43:50.054919 #10182]  INFO -- default-ubuntu-1404:    /** MySQL hostname */
I, [2016-12-27T14:43:50.056153 #10182]  INFO -- default-ubuntu-1404:   -define('DB_HOST', $_SERVER['dbhost']==null?'epdlcrdsmain2.ckdlwrnryapx.us-west-1.rds.amazonaws.com':$_SERVER['dbhost']);
I, [2016-12-27T14:43:50.056212 #10182]  INFO -- default-ubuntu-1404:   +define('DB_HOST', 'epdlcrdsmain2.ckdlwrnryapx.us-west-1.rds.amazonaws.com');
I, [2016-12-27T14:43:50.056237 #10182]  INFO -- default-ubuntu-1404:    
I, [2016-12-27T14:43:50.056257 #10182]  INFO -- default-ubuntu-1404:    /** Database Charset to use in creating database tables. */
I, [2016-12-27T14:43:50.057001 #10182]  INFO -- default-ubuntu-1404:    define('DB_CHARSET', 'utf8');
I, [2016-12-27T14:43:50.107220 #10182]  INFO -- default-ubuntu-1404: * execute[chown-data-www] action run
I, [2016-12-27T14:43:50.107267 #10182]  INFO -- default-ubuntu-1404:   - execute chown -R www-data:www-data /srv/www/current/wp-content
I, [2016-12-27T14:43:50.161692 #10182]  INFO -- default-ubuntu-1404: 
I, [2016-12-27T14:43:50.162063 #10182]  INFO -- default-ubuntu-1404: Running handlers:
I, [2016-12-27T14:43:50.162520 #10182]  INFO -- default-ubuntu-1404: Running handlers complete
I, [2016-12-27T14:43:50.163008 #10182]  INFO -- default-ubuntu-1404: 
I, [2016-12-27T14:43:50.163470 #10182]  INFO -- default-ubuntu-1404: Deprecated features used!
I, [2016-12-27T14:43:50.164207 #10182]  INFO -- default-ubuntu-1404:   Cloning resource attributes for service[php5-fpm] from prior resource
I, [2016-12-27T14:43:50.164518 #10182]  INFO -- default-ubuntu-1404: Previous service[php5-fpm]: /tmp/kitchen/cache/cookbooks/lemp-server/recipes/default.rb:82:in `from_file'
I, [2016-12-27T14:43:50.164848 #10182]  INFO -- default-ubuntu-1404: Current  service[php5-fpm]: /tmp/kitchen/cache/cookbooks/lemp-server/recipes/default.rb:85:in `from_file' at 1 location:
I, [2016-12-27T14:43:50.165182 #10182]  INFO -- default-ubuntu-1404:     - /tmp/kitchen/cache/cookbooks/lemp-server/recipes/default.rb:85:in `from_file'
I, [2016-12-27T14:43:50.165507 #10182]  INFO -- default-ubuntu-1404:    See https://docs.chef.io/deprecations_resource_cloning.html for further details.
I, [2016-12-27T14:43:50.165776 #10182]  INFO -- default-ubuntu-1404: 
I, [2016-12-27T14:43:50.168900 #10182]  INFO -- default-ubuntu-1404: Chef Client finished, 8/43 resources updated in 31 seconds
I, [2016-12-27T14:43:50.249630 #10182]  INFO -- default-ubuntu-1404: Finished converging <default-ubuntu-1404> (0m33.95s).
